<?xml version="1.0" encoding="UTF-8"?>
<!-- Generated by org.testng.reporters.JUnitXMLReporter -->
<testsuite ignored="3" hostname="HariHara" failures="0" tests="1" name="Default test" time="28.991" errors="0" timestamp="2024-09-30T13:19:12 IST">
  <testcase classname="practiceTests.T11_SwagLabs" name="logInTest" time="19.437"/>
  <testcase classname="practiceTests.T11_SwagLabs" name="invalidLogTest3" time="0.0">
    <ignored/>
  </testcase> <!-- invalidLogTest3 -->
  <testcase classname="practiceTests.T11_SwagLabs" name="invalidLogTest2" time="0.0">
    <ignored/>
  </testcase> <!-- invalidLogTest2 -->
  <testcase classname="practiceTests.T11_SwagLabs" name="invaliLogTest" time="0.0">
    <ignored/>
  </testcase> <!-- invaliLogTest -->
</testsuite> <!-- Default test -->
