<?xml version="1.0" encoding="UTF-8"?>
<testng-results ignored="3" total="4" passed="1" failed="0" skipped="0">
  <reporter-output>
  </reporter-output>
  <suite started-at="2024-09-30T13:18:43 IST" name="Default suite" finished-at="2024-09-30T13:19:12 IST" duration-ms="28991">
    <groups>
    </groups>
    <test started-at="2024-09-30T13:18:43 IST" name="Default test" finished-at="2024-09-30T13:19:12 IST" duration-ms="28991">
      <class name="practiceTests.T11_SwagLabs">
        <test-method is-config="true" signature="getDriver()[pri:0, instance:practiceTests.T11_SwagLabs@1436a7ab]" started-at="2024-09-30T13:18:43 IST" name="getDriver" finished-at="2024-09-30T13:18:43 IST" duration-ms="4" status="PASS">
          <reporter-output>
          </reporter-output>
        </test-method> <!-- getDriver -->
        <test-method is-config="true" signature="navigate()[pri:0, instance:practiceTests.T11_SwagLabs@1436a7ab]" started-at="2024-09-30T13:18:43 IST" name="navigate" finished-at="2024-09-30T13:18:52 IST" duration-ms="9392" status="PASS">
          <reporter-output>
          </reporter-output>
        </test-method> <!-- navigate -->
        <test-method signature="logInTest()[pri:1, instance:practiceTests.T11_SwagLabs@1436a7ab]" started-at="2024-09-30T13:18:52 IST" name="logInTest" finished-at="2024-09-30T13:19:12 IST" duration-ms="19437" status="PASS">
          <reporter-output>
          </reporter-output>
        </test-method> <!-- logInTest -->
        <test-method is-config="true" signature="quitDriver()[pri:0, instance:practiceTests.T11_SwagLabs@1436a7ab]" started-at="2024-09-30T13:19:12 IST" name="quitDriver" finished-at="2024-09-30T13:19:12 IST" duration-ms="139" status="PASS">
          <reporter-output>
          </reporter-output>
        </test-method> <!-- quitDriver -->
      </class> <!-- practiceTests.T11_SwagLabs -->
    </test> <!-- Default test -->
  </suite> <!-- Default suite -->
</testng-results>
